{"C:\\Users\\JeganAnand\\MovieBookingApp\\moviebookingapp\\src\\components\\pages\\AdminDashBoard.tsx": {"path":"C:\\Users\\JeganAnand\\MovieBookingApp\\moviebookingapp\\src\\components\\pages\\AdminDashBoard.tsx","statementMap":{"0":{"start":{"line":29,"column":20},"end":{"line":109,"column":1}},"1":{"start":{"line":30,"column":38},"end":{"line":30,"column":57}},"2":{"start":{"line":31,"column":34},"end":{"line":31,"column":54}},"3":{"start":{"line":32,"column":50},"end":{"line":32,"column":71}},"4":{"start":{"line":34,"column":2},"end":{"line":55,"column":9}},"5":{"start":{"line":35,"column":25},"end":{"line":52,"column":5}},"6":{"start":{"line":36,"column":6},"end":{"line":51,"column":7}},"7":{"start":{"line":37,"column":25},"end":{"line":37,"column":87}},"8":{"start":{"line":38,"column":8},"end":{"line":38,"column":54}},"9":{"start":{"line":40,"column":28},"end":{"line":40,"column":88}},"10":{"start":{"line":41,"column":29},"end":{"line":41,"column":84}},"11":{"start":{"line":42,"column":8},"end":{"line":42,"column":34}},"12":{"start":{"line":44,"column":26},"end":{"line":44,"column":89}},"13":{"start":{"line":45,"column":27},"end":{"line":45,"column":78}},"14":{"start":{"line":46,"column":8},"end":{"line":46,"column":40}},"15":{"start":{"line":48,"column":8},"end":{"line":48,"column":56}},"16":{"start":{"line":49,"column":8},"end":{"line":49,"column":24}},"17":{"start":{"line":50,"column":8},"end":{"line":50,"column":32}},"18":{"start":{"line":54,"column":4},"end":{"line":54,"column":19}},"19":{"start":{"line":57,"column":2},"end":{"line":108,"column":4}},"20":{"start":{"line":77,"column":16},"end":{"line":81,"column":27}},"21":{"start":{"line":97,"column":14},"end":{"line":100,"column":26}}},"fnMap":{"0":{"name":"(anonymous_0)","decl":{"start":{"line":29,"column":20},"end":{"line":29,"column":21}},"loc":{"start":{"line":29,"column":26},"end":{"line":109,"column":1}},"line":29},"1":{"name":"(anonymous_1)","decl":{"start":{"line":34,"column":12},"end":{"line":34,"column":13}},"loc":{"start":{"line":34,"column":18},"end":{"line":55,"column":3}},"line":34},"2":{"name":"(anonymous_2)","decl":{"start":{"line":35,"column":25},"end":{"line":35,"column":26}},"loc":{"start":{"line":35,"column":37},"end":{"line":52,"column":5}},"line":35},"3":{"name":"(anonymous_3)","decl":{"start":{"line":76,"column":27},"end":{"line":76,"column":28}},"loc":{"start":{"line":77,"column":16},"end":{"line":81,"column":27}},"line":77},"4":{"name":"(anonymous_4)","decl":{"start":{"line":96,"column":33},"end":{"line":96,"column":34}},"loc":{"start":{"line":97,"column":14},"end":{"line":100,"column":26}},"line":97}},"branchMap":{"0":{"loc":{"start":{"line":38,"column":22},"end":{"line":38,"column":52}},"type":"binary-expr","locations":[{"start":{"line":38,"column":22},"end":{"line":38,"column":47}},{"start":{"line":38,"column":51},"end":{"line":38,"column":52}}],"line":38},"1":{"loc":{"start":{"line":41,"column":29},"end":{"line":41,"column":84}},"type":"cond-expr","locations":[{"start":{"line":41,"column":63},"end":{"line":41,"column":79}},{"start":{"line":41,"column":82},"end":{"line":41,"column":84}}],"line":41},"2":{"loc":{"start":{"line":45,"column":27},"end":{"line":45,"column":78}},"type":"cond-expr","locations":[{"start":{"line":45,"column":59},"end":{"line":45,"column":73}},{"start":{"line":45,"column":76},"end":{"line":45,"column":78}}],"line":45},"3":{"loc":{"start":{"line":75,"column":13},"end":{"line":87,"column":13}},"type":"cond-expr","locations":[{"start":{"line":76,"column":14},"end":{"line":82,"column":16}},{"start":{"line":84,"column":14},"end":{"line":86,"column":25}}],"line":75},"4":{"loc":{"start":{"line":95,"column":11},"end":{"line":104,"column":11}},"type":"cond-expr","locations":[{"start":{"line":96,"column":12},"end":{"line":101,"column":14}},{"start":{"line":103,"column":12},"end":{"line":103,"column":34}}],"line":95}},"s":{"0":1,"1":8,"2":8,"3":8,"4":8,"5":4,"6":4,"7":4,"8":3,"9":3,"10":3,"11":3,"12":3,"13":3,"14":3,"15":1,"16":1,"17":1,"18":4,"19":8,"20":1,"21":1},"f":{"0":8,"1":4,"2":4,"3":1,"4":1},"b":{"0":[3,0],"1":[3,0],"2":[3,0],"3":[1,7],"4":[1,7]},"_coverageSchema":"1a1c01bbd47fc00a2c39e90264f33305004495a9","hash":"a4da5daf875c8fb27a0a9db417d4dcd027a1ac84"}
,"C:\\Users\\JeganAnand\\MovieBookingApp\\moviebookingapp\\src\\components\\pages\\BookingPage.tsx": {"path":"C:\\Users\\JeganAnand\\MovieBookingApp\\moviebookingapp\\src\\components\\pages\\BookingPage.tsx","statementMap":{"0":{"start":{"line":23,"column":20},"end":{"line":114,"column":1}},"1":{"start":{"line":24,"column":19},"end":{"line":24,"column":32}},"2":{"start":{"line":25,"column":19},"end":{"line":25,"column":32}},"3":{"start":{"line":26,"column":24},"end":{"line":26,"column":53}},"4":{"start":{"line":29,"column":34},"end":{"line":29,"column":54}},"5":{"start":{"line":30,"column":34},"end":{"line":30,"column":54}},"6":{"start":{"line":31,"column":40},"end":{"line":31,"column":59}},"7":{"start":{"line":32,"column":22},"end":{"line":32,"column":25}},"8":{"start":{"line":33,"column":21},"end":{"line":33,"column":46}},"9":{"start":{"line":34,"column":14},"end":{"line":34,"column":52}},"10":{"start":{"line":35,"column":16},"end":{"line":35,"column":26}},"11":{"start":{"line":36,"column":0},"end":{"line":36,"column":42}},"12":{"start":{"line":37,"column":2},"end":{"line":42,"column":32}},"13":{"start":{"line":38,"column":4},"end":{"line":41,"column":5}},"14":{"start":{"line":39,"column":6},"end":{"line":39,"column":68}},"15":{"start":{"line":40,"column":6},"end":{"line":40,"column":26}},"16":{"start":{"line":44,"column":24},"end":{"line":73,"column":3}},"17":{"start":{"line":45,"column":4},"end":{"line":45,"column":23}},"18":{"start":{"line":47,"column":4},"end":{"line":50,"column":5}},"19":{"start":{"line":48,"column":6},"end":{"line":48,"column":42}},"20":{"start":{"line":49,"column":6},"end":{"line":49,"column":13}},"21":{"start":{"line":52,"column":30},"end":{"line":52,"column":79}},"22":{"start":{"line":54,"column":24},"end":{"line":61,"column":5}},"23":{"start":{"line":63,"column":4},"end":{"line":72,"column":5}},"24":{"start":{"line":64,"column":6},"end":{"line":67,"column":8}},"25":{"start":{"line":68,"column":6},"end":{"line":68,"column":35}},"26":{"start":{"line":69,"column":6},"end":{"line":69,"column":26}},"27":{"start":{"line":71,"column":6},"end":{"line":71,"column":49}},"28":{"start":{"line":75,"column":2},"end":{"line":113,"column":4}},"29":{"start":{"line":82,"column":70},"end":{"line":82,"column":90}},"30":{"start":{"line":82,"column":147},"end":{"line":82,"column":153}},"31":{"start":{"line":89,"column":119},"end":{"line":89,"column":146}},"32":{"start":{"line":92,"column":78},"end":{"line":92,"column":105}},"33":{"start":{"line":102,"column":58},"end":{"line":102,"column":105}},"34":{"start":{"line":102,"column":83},"end":{"line":102,"column":104}},"35":{"start":{"line":104,"column":58},"end":{"line":104,"column":92}},"36":{"start":{"line":104,"column":83},"end":{"line":104,"column":91}}},"fnMap":{"0":{"name":"(anonymous_0)","decl":{"start":{"line":23,"column":20},"end":{"line":23,"column":21}},"loc":{"start":{"line":23,"column":26},"end":{"line":114,"column":1}},"line":23},"1":{"name":"(anonymous_1)","decl":{"start":{"line":37,"column":12},"end":{"line":37,"column":13}},"loc":{"start":{"line":37,"column":18},"end":{"line":42,"column":3}},"line":37},"2":{"name":"(anonymous_2)","decl":{"start":{"line":44,"column":24},"end":{"line":44,"column":25}},"loc":{"start":{"line":44,"column":54},"end":{"line":73,"column":3}},"line":44},"3":{"name":"(anonymous_3)","decl":{"start":{"line":82,"column":63},"end":{"line":82,"column":64}},"loc":{"start":{"line":82,"column":70},"end":{"line":82,"column":90}},"line":82},"4":{"name":"(anonymous_4)","decl":{"start":{"line":82,"column":140},"end":{"line":82,"column":141}},"loc":{"start":{"line":82,"column":147},"end":{"line":82,"column":153}},"line":82},"5":{"name":"(anonymous_5)","decl":{"start":{"line":89,"column":112},"end":{"line":89,"column":113}},"loc":{"start":{"line":89,"column":119},"end":{"line":89,"column":146}},"line":89},"6":{"name":"(anonymous_6)","decl":{"start":{"line":92,"column":70},"end":{"line":92,"column":71}},"loc":{"start":{"line":92,"column":76},"end":{"line":92,"column":106}},"line":92},"7":{"name":"(anonymous_7)","decl":{"start":{"line":102,"column":52},"end":{"line":102,"column":53}},"loc":{"start":{"line":102,"column":58},"end":{"line":102,"column":105}},"line":102},"8":{"name":"(anonymous_8)","decl":{"start":{"line":102,"column":73},"end":{"line":102,"column":74}},"loc":{"start":{"line":102,"column":83},"end":{"line":102,"column":104}},"line":102},"9":{"name":"(anonymous_9)","decl":{"start":{"line":104,"column":52},"end":{"line":104,"column":53}},"loc":{"start":{"line":104,"column":58},"end":{"line":104,"column":92}},"line":104},"10":{"name":"(anonymous_10)","decl":{"start":{"line":104,"column":73},"end":{"line":104,"column":74}},"loc":{"start":{"line":104,"column":83},"end":{"line":104,"column":91}},"line":104}},"branchMap":{"0":{"loc":{"start":{"line":26,"column":24},"end":{"line":26,"column":53}},"type":"binary-expr","locations":[{"start":{"line":26,"column":24},"end":{"line":26,"column":45}},{"start":{"line":26,"column":49},"end":{"line":26,"column":53}}],"line":26},"1":{"loc":{"start":{"line":38,"column":4},"end":{"line":41,"column":5}},"type":"if","locations":[{"start":{"line":38,"column":4},"end":{"line":41,"column":5}},{"start":{},"end":{}}],"line":38},"2":{"loc":{"start":{"line":38,"column":8},"end":{"line":38,"column":73}},"type":"binary-expr","locations":[{"start":{"line":38,"column":8},"end":{"line":38,"column":22}},{"start":{"line":38,"column":26},"end":{"line":38,"column":46}},{"start":{"line":38,"column":50},"end":{"line":38,"column":73}}],"line":38},"3":{"loc":{"start":{"line":47,"column":4},"end":{"line":50,"column":5}},"type":"if","locations":[{"start":{"line":47,"column":4},"end":{"line":50,"column":5}},{"start":{},"end":{}}],"line":47},"4":{"loc":{"start":{"line":47,"column":8},"end":{"line":47,"column":48}},"type":"binary-expr","locations":[{"start":{"line":47,"column":8},"end":{"line":47,"column":22}},{"start":{"line":47,"column":26},"end":{"line":47,"column":35}},{"start":{"line":47,"column":39},"end":{"line":47,"column":48}}],"line":47},"5":{"loc":{"start":{"line":77,"column":7},"end":{"line":111,"column":7}},"type":"binary-expr","locations":[{"start":{"line":77,"column":7},"end":{"line":77,"column":20}},{"start":{"line":78,"column":8},"end":{"line":110,"column":11}}],"line":77}},"s":{"0":1,"1":11,"2":11,"3":11,"4":11,"5":11,"6":11,"7":11,"8":11,"9":11,"10":11,"11":11,"12":11,"13":5,"14":1,"15":1,"16":11,"17":2,"18":2,"19":0,"20":0,"21":2,"22":2,"23":2,"24":2,"25":1,"26":1,"27":1,"28":11,"29":10,"30":10,"31":2,"32":2,"33":1,"34":1,"35":1,"36":1},"f":{"0":11,"1":5,"2":2,"3":10,"4":10,"5":2,"6":2,"7":1,"8":1,"9":1,"10":1},"b":{"0":[11,1],"1":[1,4],"2":[5,4,4],"3":[0,2],"4":[2,2,2],"5":[11,10]},"_coverageSchema":"1a1c01bbd47fc00a2c39e90264f33305004495a9","hash":"7a470e5196c8173fe25bda4f53d719f30c68cd58"}
,"C:\\Users\\JeganAnand\\MovieBookingApp\\moviebookingapp\\src\\components\\pages\\FavoritesPage.tsx": {"path":"C:\\Users\\JeganAnand\\MovieBookingApp\\moviebookingapp\\src\\components\\pages\\FavoritesPage.tsx","statementMap":{"0":{"start":{"line":29,"column":32},"end":{"line":131,"column":1}},"1":{"start":{"line":30,"column":48},"end":{"line":30,"column":74}},"2":{"start":{"line":31,"column":32},"end":{"line":31,"column":55}},"3":{"start":{"line":32,"column":28},"end":{"line":32,"column":57}},"4":{"start":{"line":33,"column":38},"end":{"line":33,"column":62}},"5":{"start":{"line":34,"column":30},"end":{"line":34,"column":50}},"6":{"start":{"line":38,"column":2},"end":{"line":54,"column":9}},"7":{"start":{"line":39,"column":18},"end":{"line":39,"column":47}},"8":{"start":{"line":40,"column":4},"end":{"line":53,"column":5}},"9":{"start":{"line":41,"column":6},"end":{"line":48,"column":7}},"10":{"start":{"line":42,"column":25},"end":{"line":42,"column":62}},"11":{"start":{"line":43,"column":8},"end":{"line":43,"column":28}},"12":{"start":{"line":44,"column":8},"end":{"line":44,"column":35}},"13":{"start":{"line":45,"column":8},"end":{"line":45,"column":40}},"14":{"start":{"line":47,"column":8},"end":{"line":47,"column":54}},"15":{"start":{"line":51,"column":6},"end":{"line":51,"column":27}},"16":{"start":{"line":56,"column":25},"end":{"line":78,"column":3}},"17":{"start":{"line":57,"column":4},"end":{"line":57,"column":32}},"18":{"start":{"line":57,"column":25},"end":{"line":57,"column":32}},"19":{"start":{"line":59,"column":4},"end":{"line":77,"column":5}},"20":{"start":{"line":60,"column":23},"end":{"line":60,"column":87}},"21":{"start":{"line":61,"column":6},"end":{"line":70,"column":7}},"22":{"start":{"line":64,"column":8},"end":{"line":64,"column":42}},"23":{"start":{"line":65,"column":8},"end":{"line":65,"column":26}},"24":{"start":{"line":67,"column":8},"end":{"line":67,"column":70}},"25":{"start":{"line":68,"column":8},"end":{"line":68,"column":44}},"26":{"start":{"line":69,"column":8},"end":{"line":69,"column":26}},"27":{"start":{"line":72,"column":6},"end":{"line":72,"column":55}},"28":{"start":{"line":73,"column":6},"end":{"line":73,"column":44}},"29":{"start":{"line":76,"column":6},"end":{"line":76,"column":24}},"30":{"start":{"line":79,"column":36},"end":{"line":93,"column":3}},"31":{"start":{"line":81,"column":4},"end":{"line":84,"column":5}},"32":{"start":{"line":82,"column":6},"end":{"line":82,"column":50}},"33":{"start":{"line":83,"column":6},"end":{"line":83,"column":13}},"34":{"start":{"line":86,"column":4},"end":{"line":92,"column":5}},"35":{"start":{"line":87,"column":6},"end":{"line":87,"column":85}},"36":{"start":{"line":88,"column":6},"end":{"line":88,"column":86}},"37":{"start":{"line":88,"column":35},"end":{"line":88,"column":84}},"38":{"start":{"line":88,"column":58},"end":{"line":88,"column":83}},"39":{"start":{"line":90,"column":6},"end":{"line":90,"column":63}},"40":{"start":{"line":91,"column":6},"end":{"line":91,"column":63}},"41":{"start":{"line":95,"column":2},"end":{"line":95,"column":39}},"42":{"start":{"line":95,"column":13},"end":{"line":95,"column":39}},"43":{"start":{"line":100,"column":2},"end":{"line":130,"column":4}},"44":{"start":{"line":109,"column":12},"end":{"line":121,"column":24}},"45":{"start":{"line":116,"column":58},"end":{"line":116,"column":68}},"46":{"start":{"line":118,"column":47},"end":{"line":118,"column":87}}},"fnMap":{"0":{"name":"(anonymous_0)","decl":{"start":{"line":29,"column":32},"end":{"line":29,"column":33}},"loc":{"start":{"line":29,"column":38},"end":{"line":131,"column":1}},"line":29},"1":{"name":"(anonymous_1)","decl":{"start":{"line":38,"column":12},"end":{"line":38,"column":13}},"loc":{"start":{"line":38,"column":18},"end":{"line":54,"column":3}},"line":38},"2":{"name":"(anonymous_2)","decl":{"start":{"line":56,"column":25},"end":{"line":56,"column":26}},"loc":{"start":{"line":56,"column":43},"end":{"line":78,"column":3}},"line":56},"3":{"name":"(anonymous_3)","decl":{"start":{"line":79,"column":36},"end":{"line":79,"column":37}},"loc":{"start":{"line":79,"column":63},"end":{"line":93,"column":3}},"line":79},"4":{"name":"(anonymous_4)","decl":{"start":{"line":88,"column":25},"end":{"line":88,"column":26}},"loc":{"start":{"line":88,"column":35},"end":{"line":88,"column":84}},"line":88},"5":{"name":"(anonymous_5)","decl":{"start":{"line":88,"column":47},"end":{"line":88,"column":48}},"loc":{"start":{"line":88,"column":58},"end":{"line":88,"column":83}},"line":88},"6":{"name":"(anonymous_6)","decl":{"start":{"line":108,"column":31},"end":{"line":108,"column":32}},"loc":{"start":{"line":109,"column":12},"end":{"line":121,"column":24}},"line":109},"7":{"name":"(anonymous_7)","decl":{"start":{"line":116,"column":47},"end":{"line":116,"column":48}},"loc":{"start":{"line":116,"column":58},"end":{"line":116,"column":68}},"line":116},"8":{"name":"(anonymous_8)","decl":{"start":{"line":118,"column":41},"end":{"line":118,"column":42}},"loc":{"start":{"line":118,"column":47},"end":{"line":118,"column":87}},"line":118}},"branchMap":{"0":{"loc":{"start":{"line":40,"column":4},"end":{"line":53,"column":5}},"type":"if","locations":[{"start":{"line":40,"column":4},"end":{"line":53,"column":5}},{"start":{"line":50,"column":9},"end":{"line":53,"column":5}}],"line":40},"1":{"loc":{"start":{"line":57,"column":4},"end":{"line":57,"column":32}},"type":"if","locations":[{"start":{"line":57,"column":4},"end":{"line":57,"column":32}},{"start":{},"end":{}}],"line":57},"2":{"loc":{"start":{"line":61,"column":6},"end":{"line":70,"column":7}},"type":"if","locations":[{"start":{"line":61,"column":6},"end":{"line":70,"column":7}},{"start":{"line":66,"column":13},"end":{"line":70,"column":7}}],"line":61},"3":{"loc":{"start":{"line":61,"column":10},"end":{"line":61,"column":55}},"type":"binary-expr","locations":[{"start":{"line":61,"column":10},"end":{"line":61,"column":23}},{"start":{"line":61,"column":27},"end":{"line":61,"column":55}}],"line":61},"4":{"loc":{"start":{"line":81,"column":4},"end":{"line":84,"column":5}},"type":"if","locations":[{"start":{"line":81,"column":4},"end":{"line":84,"column":5}},{"start":{},"end":{}}],"line":81},"5":{"loc":{"start":{"line":81,"column":8},"end":{"line":81,"column":36}},"type":"binary-expr","locations":[{"start":{"line":81,"column":8},"end":{"line":81,"column":24}},{"start":{"line":81,"column":28},"end":{"line":81,"column":36}}],"line":81},"6":{"loc":{"start":{"line":95,"column":2},"end":{"line":95,"column":39}},"type":"if","locations":[{"start":{"line":95,"column":2},"end":{"line":95,"column":39}},{"start":{},"end":{}}],"line":95},"7":{"loc":{"start":{"line":103,"column":6},"end":{"line":127,"column":25}},"type":"cond-expr","locations":[{"start":{"line":103,"column":16},"end":{"line":103,"column":37}},{"start":{"line":104,"column":6},"end":{"line":127,"column":25}}],"line":103},"8":{"loc":{"start":{"line":106,"column":7},"end":{"line":126,"column":7}},"type":"cond-expr","locations":[{"start":{"line":107,"column":8},"end":{"line":123,"column":20}},{"start":{"line":125,"column":8},"end":{"line":125,"column":65}}],"line":106}},"s":{"0":1,"1":23,"2":22,"3":22,"4":22,"5":22,"6":22,"7":8,"8":8,"9":8,"10":8,"11":7,"12":7,"13":7,"14":1,"15":0,"16":22,"17":7,"18":0,"19":7,"20":7,"21":7,"22":5,"23":5,"24":0,"25":0,"26":0,"27":2,"28":2,"29":7,"30":22,"31":2,"32":0,"33":0,"34":2,"35":2,"36":1,"37":1,"38":1,"39":1,"40":1,"41":22,"42":1,"43":21,"44":5,"45":5,"46":2},"f":{"0":23,"1":8,"2":7,"3":2,"4":1,"5":1,"6":5,"7":5,"8":2},"b":{"0":[8,0],"1":[0,7],"2":[5,0],"3":[7,5],"4":[0,2],"5":[2,2],"6":[1,21],"7":[15,6],"8":[4,2]},"_coverageSchema":"1a1c01bbd47fc00a2c39e90264f33305004495a9","hash":"6a4be20a3d56b9415a3d432e533c1f4dd850a003"}
,"C:\\Users\\JeganAnand\\MovieBookingApp\\moviebookingapp\\src\\components\\pages\\LoginSignup.tsx": {"path":"C:\\Users\\JeganAnand\\MovieBookingApp\\moviebookingapp\\src\\components\\pages\\LoginSignup.tsx","statementMap":{"0":{"start":{"line":18,"column":48},"end":{"line":169,"column":1}},"1":{"start":{"line":19,"column":30},"end":{"line":19,"column":47}},"2":{"start":{"line":20,"column":38},"end":{"line":20,"column":50}},"3":{"start":{"line":21,"column":44},"end":{"line":21,"column":56}},"4":{"start":{"line":22,"column":36},"end":{"line":22,"column":48}},"5":{"start":{"line":23,"column":42},"end":{"line":23,"column":54}},"6":{"start":{"line":24,"column":19},"end":{"line":24,"column":32}},"7":{"start":{"line":27,"column":24},"end":{"line":30,"column":3}},"8":{"start":{"line":28,"column":23},"end":{"line":28,"column":73}},"9":{"start":{"line":29,"column":4},"end":{"line":29,"column":34}},"10":{"start":{"line":32,"column":27},"end":{"line":32,"column":69}},"11":{"start":{"line":32,"column":49},"end":{"line":32,"column":69}},"12":{"start":{"line":34,"column":21},"end":{"line":66,"column":3}},"13":{"start":{"line":35,"column":4},"end":{"line":65,"column":5}},"14":{"start":{"line":36,"column":23},"end":{"line":36,"column":53}},"15":{"start":{"line":37,"column":20},"end":{"line":37,"column":39}},"16":{"start":{"line":39,"column":6},"end":{"line":60,"column":7}},"17":{"start":{"line":40,"column":8},"end":{"line":40,"column":45}},"18":{"start":{"line":41,"column":27},"end":{"line":41,"column":43}},"19":{"start":{"line":42,"column":29},"end":{"line":42,"column":60}},"20":{"start":{"line":43,"column":21},"end":{"line":43,"column":97}},"21":{"start":{"line":45,"column":8},"end":{"line":45,"column":28}},"22":{"start":{"line":46,"column":8},"end":{"line":46,"column":26}},"23":{"start":{"line":47,"column":8},"end":{"line":47,"column":47}},"24":{"start":{"line":49,"column":8},"end":{"line":53,"column":9}},"25":{"start":{"line":50,"column":10},"end":{"line":50,"column":33}},"26":{"start":{"line":52,"column":10},"end":{"line":52,"column":30}},"27":{"start":{"line":54,"column":13},"end":{"line":60,"column":7}},"28":{"start":{"line":55,"column":8},"end":{"line":55,"column":57}},"29":{"start":{"line":56,"column":8},"end":{"line":56,"column":27}},"30":{"start":{"line":57,"column":8},"end":{"line":57,"column":26}},"31":{"start":{"line":58,"column":8},"end":{"line":58,"column":29}},"32":{"start":{"line":59,"column":8},"end":{"line":59,"column":25}},"33":{"start":{"line":63,"column":6},"end":{"line":63,"column":47}},"34":{"start":{"line":64,"column":6},"end":{"line":64,"column":125}},"35":{"start":{"line":68,"column":22},"end":{"line":83,"column":3}},"36":{"start":{"line":69,"column":4},"end":{"line":72,"column":5}},"37":{"start":{"line":70,"column":6},"end":{"line":70,"column":61}},"38":{"start":{"line":71,"column":6},"end":{"line":71,"column":13}},"39":{"start":{"line":74,"column":4},"end":{"line":77,"column":5}},"40":{"start":{"line":75,"column":6},"end":{"line":75,"column":70}},"41":{"start":{"line":76,"column":6},"end":{"line":76,"column":13}},"42":{"start":{"line":79,"column":4},"end":{"line":82,"column":7}},"43":{"start":{"line":85,"column":23},"end":{"line":106,"column":3}},"44":{"start":{"line":86,"column":4},"end":{"line":89,"column":5}},"45":{"start":{"line":87,"column":6},"end":{"line":87,"column":43}},"46":{"start":{"line":88,"column":6},"end":{"line":88,"column":13}},"47":{"start":{"line":91,"column":4},"end":{"line":94,"column":5}},"48":{"start":{"line":92,"column":6},"end":{"line":92,"column":61}},"49":{"start":{"line":93,"column":6},"end":{"line":93,"column":13}},"50":{"start":{"line":96,"column":4},"end":{"line":99,"column":5}},"51":{"start":{"line":97,"column":6},"end":{"line":97,"column":70}},"52":{"start":{"line":98,"column":6},"end":{"line":98,"column":13}},"53":{"start":{"line":101,"column":4},"end":{"line":105,"column":13}},"54":{"start":{"line":108,"column":2},"end":{"line":168,"column":4}},"55":{"start":{"line":122,"column":31},"end":{"line":122,"column":59}},"56":{"start":{"line":133,"column":29},"end":{"line":133,"column":58}},"57":{"start":{"line":143,"column":29},"end":{"line":143,"column":61}},"58":{"start":{"line":157,"column":10},"end":{"line":157,"column":62}},"59":{"start":{"line":158,"column":10},"end":{"line":158,"column":28}},"60":{"start":{"line":159,"column":10},"end":{"line":159,"column":31}},"61":{"start":{"line":160,"column":10},"end":{"line":160,"column":27}},"62":{"start":{"line":161,"column":10},"end":{"line":161,"column":30}}},"fnMap":{"0":{"name":"(anonymous_0)","decl":{"start":{"line":18,"column":48},"end":{"line":18,"column":49}},"loc":{"start":{"line":18,"column":84},"end":{"line":169,"column":1}},"line":18},"1":{"name":"(anonymous_1)","decl":{"start":{"line":27,"column":24},"end":{"line":27,"column":25}},"loc":{"start":{"line":27,"column":43},"end":{"line":30,"column":3}},"line":27},"2":{"name":"(anonymous_2)","decl":{"start":{"line":32,"column":27},"end":{"line":32,"column":28}},"loc":{"start":{"line":32,"column":49},"end":{"line":32,"column":69}},"line":32},"3":{"name":"(anonymous_3)","decl":{"start":{"line":34,"column":21},"end":{"line":34,"column":22}},"loc":{"start":{"line":34,"column":79},"end":{"line":66,"column":3}},"line":34},"4":{"name":"(anonymous_4)","decl":{"start":{"line":68,"column":22},"end":{"line":68,"column":23}},"loc":{"start":{"line":68,"column":28},"end":{"line":83,"column":3}},"line":68},"5":{"name":"(anonymous_5)","decl":{"start":{"line":85,"column":23},"end":{"line":85,"column":24}},"loc":{"start":{"line":85,"column":29},"end":{"line":106,"column":3}},"line":85},"6":{"name":"(anonymous_6)","decl":{"start":{"line":122,"column":24},"end":{"line":122,"column":25}},"loc":{"start":{"line":122,"column":31},"end":{"line":122,"column":59}},"line":122},"7":{"name":"(anonymous_7)","decl":{"start":{"line":133,"column":22},"end":{"line":133,"column":23}},"loc":{"start":{"line":133,"column":29},"end":{"line":133,"column":58}},"line":133},"8":{"name":"(anonymous_8)","decl":{"start":{"line":143,"column":22},"end":{"line":143,"column":23}},"loc":{"start":{"line":143,"column":29},"end":{"line":143,"column":61}},"line":143},"9":{"name":"(anonymous_9)","decl":{"start":{"line":156,"column":17},"end":{"line":156,"column":18}},"loc":{"start":{"line":156,"column":23},"end":{"line":162,"column":9}},"line":156}},"branchMap":{"0":{"loc":{"start":{"line":34,"column":58},"end":{"line":34,"column":74}},"type":"default-arg","locations":[{"start":{"line":34,"column":69},"end":{"line":34,"column":74}}],"line":34},"1":{"loc":{"start":{"line":39,"column":6},"end":{"line":60,"column":7}},"type":"if","locations":[{"start":{"line":39,"column":6},"end":{"line":60,"column":7}},{"start":{"line":54,"column":13},"end":{"line":60,"column":7}}],"line":39},"2":{"loc":{"start":{"line":49,"column":8},"end":{"line":53,"column":9}},"type":"if","locations":[{"start":{"line":49,"column":8},"end":{"line":53,"column":9}},{"start":{"line":51,"column":15},"end":{"line":53,"column":9}}],"line":49},"3":{"loc":{"start":{"line":54,"column":13},"end":{"line":60,"column":7}},"type":"if","locations":[{"start":{"line":54,"column":13},"end":{"line":60,"column":7}},{"start":{},"end":{}}],"line":54},"4":{"loc":{"start":{"line":64,"column":22},"end":{"line":64,"column":123}},"type":"cond-expr","locations":[{"start":{"line":64,"column":43},"end":{"line":64,"column":83}},{"start":{"line":64,"column":86},"end":{"line":64,"column":123}}],"line":64},"5":{"loc":{"start":{"line":69,"column":4},"end":{"line":72,"column":5}},"type":"if","locations":[{"start":{"line":69,"column":4},"end":{"line":72,"column":5}},{"start":{},"end":{}}],"line":69},"6":{"loc":{"start":{"line":74,"column":4},"end":{"line":77,"column":5}},"type":"if","locations":[{"start":{"line":74,"column":4},"end":{"line":77,"column":5}},{"start":{},"end":{}}],"line":74},"7":{"loc":{"start":{"line":86,"column":4},"end":{"line":89,"column":5}},"type":"if","locations":[{"start":{"line":86,"column":4},"end":{"line":89,"column":5}},{"start":{},"end":{}}],"line":86},"8":{"loc":{"start":{"line":91,"column":4},"end":{"line":94,"column":5}},"type":"if","locations":[{"start":{"line":91,"column":4},"end":{"line":94,"column":5}},{"start":{},"end":{}}],"line":91},"9":{"loc":{"start":{"line":96,"column":4},"end":{"line":99,"column":5}},"type":"if","locations":[{"start":{"line":96,"column":4},"end":{"line":99,"column":5}},{"start":{},"end":{}}],"line":96},"10":{"loc":{"start":{"line":115,"column":9},"end":{"line":126,"column":9}},"type":"binary-expr","locations":[{"start":{"line":115,"column":9},"end":{"line":115,"column":29}},{"start":{"line":116,"column":10},"end":{"line":125,"column":18}}],"line":115},"11":{"loc":{"start":{"line":149,"column":7},"end":{"line":149,"column":115}},"type":"binary-expr","locations":[{"start":{"line":149,"column":7},"end":{"line":149,"column":19}},{"start":{"line":149,"column":23},"end":{"line":149,"column":115}}],"line":149},"12":{"loc":{"start":{"line":152,"column":25},"end":{"line":152,"column":72}},"type":"cond-expr","locations":[{"start":{"line":152,"column":46},"end":{"line":152,"column":57}},{"start":{"line":152,"column":60},"end":{"line":152,"column":72}}],"line":152},"13":{"loc":{"start":{"line":157,"column":20},"end":{"line":157,"column":60}},"type":"cond-expr","locations":[{"start":{"line":157,"column":41},"end":{"line":157,"column":50}},{"start":{"line":157,"column":53},"end":{"line":157,"column":60}}],"line":157},"14":{"loc":{"start":{"line":164,"column":11},"end":{"line":164,"column":51}},"type":"cond-expr","locations":[{"start":{"line":164,"column":32},"end":{"line":164,"column":41}},{"start":{"line":164,"column":44},"end":{"line":164,"column":51}}],"line":164}},"s":{"0":1,"1":52,"2":52,"3":52,"4":52,"5":52,"6":52,"7":52,"8":7,"9":7,"10":52,"11":5,"12":52,"13":4,"14":4,"15":2,"16":2,"17":2,"18":2,"19":2,"20":1,"21":1,"22":1,"23":1,"24":1,"25":0,"26":1,"27":0,"28":0,"29":0,"30":0,"31":0,"32":0,"33":3,"34":3,"35":52,"36":6,"37":2,"38":2,"39":4,"40":1,"41":1,"42":3,"43":52,"44":2,"45":1,"46":1,"47":1,"48":0,"49":0,"50":1,"51":0,"52":0,"53":1,"54":52,"55":2,"56":10,"57":8,"58":9,"59":9,"60":9,"61":9,"62":9},"f":{"0":52,"1":7,"2":5,"3":4,"4":6,"5":2,"6":2,"7":10,"8":8,"9":9},"b":{"0":[3],"1":[2,0],"2":[0,1],"3":[0,0],"4":[2,1],"5":[2,4],"6":[1,3],"7":[1,1],"8":[0,1],"9":[0,1],"10":[52,18],"11":[52,6],"12":[34,18],"13":[8,1],"14":[34,18]},"_coverageSchema":"1a1c01bbd47fc00a2c39e90264f33305004495a9","hash":"6992e9dbd1f832424c0994d519093e20eb50b3bd"}
,"C:\\Users\\JeganAnand\\MovieBookingApp\\moviebookingapp\\src\\components\\pages\\ManageMovies.tsx": {"path":"C:\\Users\\JeganAnand\\MovieBookingApp\\moviebookingapp\\src\\components\\pages\\ManageMovies.tsx","statementMap":{"0":{"start":{"line":18,"column":21},"end":{"line":18,"column":75}},"1":{"start":{"line":19,"column":22},"end":{"line":19,"column":49}},"2":{"start":{"line":21,"column":31},"end":{"line":213,"column":1}},"3":{"start":{"line":22,"column":28},"end":{"line":22,"column":40}},"4":{"start":{"line":23,"column":40},"end":{"line":23,"column":52}},"5":{"start":{"line":24,"column":44},"end":{"line":24,"column":56}},"6":{"start":{"line":25,"column":40},"end":{"line":25,"column":52}},"7":{"start":{"line":26,"column":30},"end":{"line":26,"column":50}},"8":{"start":{"line":27,"column":28},"end":{"line":27,"column":55}},"9":{"start":{"line":29,"column":32},"end":{"line":29,"column":47}},"10":{"start":{"line":31,"column":16},"end":{"line":31,"column":54}},"11":{"start":{"line":32,"column":18},"end":{"line":32,"column":28}},"12":{"start":{"line":33,"column":0},"end":{"line":33,"column":43}},"13":{"start":{"line":90,"column":21},"end":{"line":135,"column":1}},"14":{"start":{"line":91,"column":2},"end":{"line":91,"column":21}},"15":{"start":{"line":93,"column":2},"end":{"line":96,"column":3}},"16":{"start":{"line":94,"column":6},"end":{"line":94,"column":62}},"17":{"start":{"line":95,"column":6},"end":{"line":95,"column":13}},"18":{"start":{"line":98,"column":2},"end":{"line":101,"column":3}},"19":{"start":{"line":99,"column":6},"end":{"line":99,"column":49}},"20":{"start":{"line":100,"column":6},"end":{"line":100,"column":13}},"21":{"start":{"line":103,"column":19},"end":{"line":103,"column":33}},"22":{"start":{"line":104,"column":2},"end":{"line":104,"column":34}},"23":{"start":{"line":105,"column":2},"end":{"line":105,"column":46}},"24":{"start":{"line":106,"column":2},"end":{"line":106,"column":46}},"25":{"start":{"line":107,"column":2},"end":{"line":107,"column":36}},"26":{"start":{"line":108,"column":2},"end":{"line":108,"column":43}},"27":{"start":{"line":109,"column":2},"end":{"line":109,"column":38}},"28":{"start":{"line":111,"column":2},"end":{"line":111,"column":19}},"29":{"start":{"line":113,"column":2},"end":{"line":134,"column":3}},"30":{"start":{"line":114,"column":23},"end":{"line":116,"column":8}},"31":{"start":{"line":118,"column":6},"end":{"line":128,"column":7}},"32":{"start":{"line":119,"column":10},"end":{"line":119,"column":45}},"33":{"start":{"line":120,"column":10},"end":{"line":120,"column":23}},"34":{"start":{"line":121,"column":10},"end":{"line":121,"column":29}},"35":{"start":{"line":122,"column":10},"end":{"line":122,"column":31}},"36":{"start":{"line":123,"column":10},"end":{"line":123,"column":29}},"37":{"start":{"line":124,"column":10},"end":{"line":124,"column":32}},"38":{"start":{"line":125,"column":10},"end":{"line":125,"column":25}},"39":{"start":{"line":127,"column":10},"end":{"line":127,"column":55}},"40":{"start":{"line":130,"column":6},"end":{"line":130,"column":41}},"41":{"start":{"line":131,"column":6},"end":{"line":131,"column":69}},"42":{"start":{"line":133,"column":6},"end":{"line":133,"column":24}},"43":{"start":{"line":142,"column":38},"end":{"line":142,"column":58}},"44":{"start":{"line":144,"column":26},"end":{"line":156,"column":1}},"45":{"start":{"line":145,"column":2},"end":{"line":155,"column":3}},"46":{"start":{"line":146,"column":17},"end":{"line":146,"column":34}},"47":{"start":{"line":147,"column":6},"end":{"line":147,"column":21}},"48":{"start":{"line":149,"column":19},"end":{"line":149,"column":35}},"49":{"start":{"line":150,"column":4},"end":{"line":150,"column":31}},"50":{"start":{"line":151,"column":4},"end":{"line":154,"column":6}},"51":{"start":{"line":152,"column":27},"end":{"line":152,"column":50}},"52":{"start":{"line":153,"column":6},"end":{"line":153,"column":35}},"53":{"start":{"line":160,"column":2},"end":{"line":212,"column":4}},"54":{"start":{"line":163,"column":56},"end":{"line":163,"column":80}},"55":{"start":{"line":166,"column":53},"end":{"line":166,"column":83}},"56":{"start":{"line":169,"column":116},"end":{"line":169,"column":146}},"57":{"start":{"line":172,"column":46},"end":{"line":172,"column":71}},"58":{"start":{"line":174,"column":10},"end":{"line":176,"column":19}},"59":{"start":{"line":183,"column":10},"end":{"line":192,"column":24}},"60":{"start":{"line":187,"column":27},"end":{"line":187,"column":50}}},"fnMap":{"0":{"name":"(anonymous_0)","decl":{"start":{"line":21,"column":31},"end":{"line":21,"column":32}},"loc":{"start":{"line":21,"column":37},"end":{"line":213,"column":1}},"line":21},"1":{"name":"(anonymous_1)","decl":{"start":{"line":90,"column":21},"end":{"line":90,"column":22}},"loc":{"start":{"line":90,"column":51},"end":{"line":135,"column":1}},"line":90},"2":{"name":"(anonymous_2)","decl":{"start":{"line":144,"column":26},"end":{"line":144,"column":27}},"loc":{"start":{"line":144,"column":70},"end":{"line":156,"column":1}},"line":144},"3":{"name":"(anonymous_3)","decl":{"start":{"line":151,"column":23},"end":{"line":151,"column":24}},"loc":{"start":{"line":151,"column":29},"end":{"line":154,"column":5}},"line":151},"4":{"name":"(anonymous_4)","decl":{"start":{"line":163,"column":49},"end":{"line":163,"column":50}},"loc":{"start":{"line":163,"column":56},"end":{"line":163,"column":80}},"line":163},"5":{"name":"(anonymous_5)","decl":{"start":{"line":166,"column":46},"end":{"line":166,"column":47}},"loc":{"start":{"line":166,"column":53},"end":{"line":166,"column":83}},"line":166},"6":{"name":"(anonymous_6)","decl":{"start":{"line":169,"column":109},"end":{"line":169,"column":110}},"loc":{"start":{"line":169,"column":116},"end":{"line":169,"column":146}},"line":169},"7":{"name":"(anonymous_7)","decl":{"start":{"line":172,"column":39},"end":{"line":172,"column":40}},"loc":{"start":{"line":172,"column":46},"end":{"line":172,"column":71}},"line":172},"8":{"name":"(anonymous_8)","decl":{"start":{"line":173,"column":27},"end":{"line":173,"column":28}},"loc":{"start":{"line":174,"column":10},"end":{"line":176,"column":19}},"line":174},"9":{"name":"(anonymous_9)","decl":{"start":{"line":182,"column":26},"end":{"line":182,"column":27}},"loc":{"start":{"line":183,"column":10},"end":{"line":192,"column":24}},"line":183},"10":{"name":"(anonymous_10)","decl":{"start":{"line":187,"column":21},"end":{"line":187,"column":22}},"loc":{"start":{"line":187,"column":27},"end":{"line":187,"column":50}},"line":187}},"branchMap":{"0":{"loc":{"start":{"line":93,"column":2},"end":{"line":96,"column":3}},"type":"if","locations":[{"start":{"line":93,"column":2},"end":{"line":96,"column":3}},{"start":{},"end":{}}],"line":93},"1":{"loc":{"start":{"line":93,"column":6},"end":{"line":93,"column":83}},"type":"binary-expr","locations":[{"start":{"line":93,"column":6},"end":{"line":93,"column":12}},{"start":{"line":93,"column":16},"end":{"line":93,"column":28}},{"start":{"line":93,"column":32},"end":{"line":93,"column":46}},{"start":{"line":93,"column":50},"end":{"line":93,"column":62}},{"start":{"line":93,"column":66},"end":{"line":93,"column":73}},{"start":{"line":93,"column":77},"end":{"line":93,"column":83}}],"line":93},"2":{"loc":{"start":{"line":98,"column":2},"end":{"line":101,"column":3}},"type":"if","locations":[{"start":{"line":98,"column":2},"end":{"line":101,"column":3}},{"start":{},"end":{}}],"line":98},"3":{"loc":{"start":{"line":118,"column":6},"end":{"line":128,"column":7}},"type":"if","locations":[{"start":{"line":118,"column":6},"end":{"line":128,"column":7}},{"start":{"line":126,"column":13},"end":{"line":128,"column":7}}],"line":118},"4":{"loc":{"start":{"line":118,"column":10},"end":{"line":118,"column":60}},"type":"binary-expr","locations":[{"start":{"line":118,"column":10},"end":{"line":118,"column":33}},{"start":{"line":118,"column":37},"end":{"line":118,"column":60}}],"line":118},"5":{"loc":{"start":{"line":131,"column":12},"end":{"line":131,"column":67}},"type":"binary-expr","locations":[{"start":{"line":131,"column":12},"end":{"line":131,"column":41}},{"start":{"line":131,"column":45},"end":{"line":131,"column":67}}],"line":131},"6":{"loc":{"start":{"line":145,"column":2},"end":{"line":155,"column":3}},"type":"if","locations":[{"start":{"line":145,"column":2},"end":{"line":155,"column":3}},{"start":{},"end":{}}],"line":145},"7":{"loc":{"start":{"line":145,"column":6},"end":{"line":145,"column":49}},"type":"binary-expr","locations":[{"start":{"line":145,"column":6},"end":{"line":145,"column":20}},{"start":{"line":145,"column":24},"end":{"line":145,"column":49}}],"line":145},"8":{"loc":{"start":{"line":203,"column":7},"end":{"line":204,"column":68}},"type":"binary-expr","locations":[{"start":{"line":203,"column":7},"end":{"line":203,"column":12}},{"start":{"line":204,"column":4},"end":{"line":204,"column":67}}],"line":203},"9":{"loc":{"start":{"line":209,"column":9},"end":{"line":209,"column":44}},"type":"cond-expr","locations":[{"start":{"line":209,"column":19},"end":{"line":209,"column":30}},{"start":{"line":209,"column":33},"end":{"line":209,"column":44}}],"line":209}},"s":{"0":1,"1":1,"2":1,"3":28,"4":28,"5":28,"6":28,"7":28,"8":28,"9":28,"10":28,"11":28,"12":28,"13":28,"14":3,"15":3,"16":1,"17":1,"18":2,"19":0,"20":0,"21":2,"22":2,"23":2,"24":2,"25":2,"26":2,"27":2,"28":2,"29":2,"30":2,"31":1,"32":1,"33":1,"34":1,"35":1,"36":1,"37":1,"38":1,"39":0,"40":1,"41":1,"42":2,"43":28,"44":28,"45":3,"46":3,"47":3,"48":3,"49":3,"50":3,"51":2,"52":2,"53":28,"54":3,"55":3,"56":3,"57":2,"58":56,"59":140,"60":3},"f":{"0":28,"1":3,"2":3,"3":2,"4":3,"5":3,"6":3,"7":2,"8":56,"9":140,"10":3},"b":{"0":[1,2],"1":[3,2,2,2,2,2],"2":[0,2],"3":[1,0],"4":[1,0],"5":[1,0],"6":[3,0],"7":[3,3],"8":[28,6],"9":[2,26]},"_coverageSchema":"1a1c01bbd47fc00a2c39e90264f33305004495a9","hash":"bd9a7177ec42f7c392c86023790caaf3e606e864"}
,"C:\\Users\\JeganAnand\\MovieBookingApp\\moviebookingapp\\src\\components\\pages\\NavBar.tsx": {"path":"C:\\Users\\JeganAnand\\MovieBookingApp\\moviebookingapp\\src\\components\\pages\\NavBar.tsx","statementMap":{"0":{"start":{"line":12,"column":38},"end":{"line":67,"column":1}},"1":{"start":{"line":13,"column":38},"end":{"line":13,"column":53}},"2":{"start":{"line":14,"column":19},"end":{"line":14,"column":32}},"3":{"start":{"line":16,"column":27},"end":{"line":18,"column":3}},"4":{"start":{"line":17,"column":4},"end":{"line":17,"column":31}},"5":{"start":{"line":20,"column":23},"end":{"line":27,"column":3}},"6":{"start":{"line":21,"column":4},"end":{"line":21,"column":37}},"7":{"start":{"line":22,"column":4},"end":{"line":22,"column":38}},"8":{"start":{"line":23,"column":4},"end":{"line":23,"column":40}},"9":{"start":{"line":24,"column":4},"end":{"line":24,"column":25}},"10":{"start":{"line":25,"column":4},"end":{"line":25,"column":20}},"11":{"start":{"line":26,"column":4},"end":{"line":26,"column":23}},"12":{"start":{"line":29,"column":2},"end":{"line":66,"column":4}}},"fnMap":{"0":{"name":"(anonymous_0)","decl":{"start":{"line":12,"column":38},"end":{"line":12,"column":39}},"loc":{"start":{"line":12,"column":96},"end":{"line":67,"column":1}},"line":12},"1":{"name":"(anonymous_1)","decl":{"start":{"line":16,"column":27},"end":{"line":16,"column":28}},"loc":{"start":{"line":16,"column":33},"end":{"line":18,"column":3}},"line":16},"2":{"name":"(anonymous_2)","decl":{"start":{"line":20,"column":23},"end":{"line":20,"column":24}},"loc":{"start":{"line":20,"column":29},"end":{"line":27,"column":3}},"line":20}},"branchMap":{"0":{"loc":{"start":{"line":37,"column":9},"end":{"line":52,"column":9}},"type":"cond-expr","locations":[{"start":{"line":38,"column":10},"end":{"line":49,"column":11}},{"start":{"line":51,"column":10},"end":{"line":51,"column":73}}],"line":37},"1":{"loc":{"start":{"line":38,"column":10},"end":{"line":49,"column":11}},"type":"cond-expr","locations":[{"start":{"line":39,"column":12},"end":{"line":42,"column":15}},{"start":{"line":44,"column":12},"end":{"line":48,"column":15}}],"line":38},"2":{"loc":{"start":{"line":54,"column":9},"end":{"line":58,"column":9}},"type":"binary-expr","locations":[{"start":{"line":54,"column":9},"end":{"line":54,"column":19}},{"start":{"line":55,"column":10},"end":{"line":57,"column":17}}],"line":54}},"s":{"0":1,"1":6,"2":6,"3":6,"4":0,"5":6,"6":1,"7":1,"8":1,"9":1,"10":1,"11":1,"12":6},"f":{"0":6,"1":0,"2":1},"b":{"0":[4,2],"1":[1,3],"2":[6,4]},"_coverageSchema":"1a1c01bbd47fc00a2c39e90264f33305004495a9","hash":"4de5309f3865b419c74b937e2608c5d2fa0c183f"}
,"C:\\Users\\JeganAnand\\MovieBookingApp\\moviebookingapp\\src\\components\\pages\\OrdersPage.tsx": {"path":"C:\\Users\\JeganAnand\\MovieBookingApp\\moviebookingapp\\src\\components\\pages\\OrdersPage.tsx","statementMap":{"0":{"start":{"line":25,"column":29},"end":{"line":118,"column":1}},"1":{"start":{"line":26,"column":30},"end":{"line":26,"column":56}},"2":{"start":{"line":27,"column":32},"end":{"line":27,"column":55}},"3":{"start":{"line":28,"column":28},"end":{"line":28,"column":57}},"4":{"start":{"line":30,"column":2},"end":{"line":83,"column":9}},"5":{"start":{"line":31,"column":24},"end":{"line":80,"column":5}},"6":{"start":{"line":32,"column":6},"end":{"line":32,"column":23}},"7":{"start":{"line":33,"column":6},"end":{"line":33,"column":21}},"8":{"start":{"line":35,"column":21},"end":{"line":35,"column":51}},"9":{"start":{"line":36,"column":6},"end":{"line":40,"column":7}},"10":{"start":{"line":37,"column":8},"end":{"line":37,"column":40}},"11":{"start":{"line":38,"column":8},"end":{"line":38,"column":26}},"12":{"start":{"line":39,"column":8},"end":{"line":39,"column":15}},"13":{"start":{"line":42,"column":6},"end":{"line":79,"column":7}},"14":{"start":{"line":43,"column":25},"end":{"line":45,"column":9}},"15":{"start":{"line":48,"column":8},"end":{"line":50,"column":9}},"16":{"start":{"line":49,"column":10},"end":{"line":49,"column":72}},"17":{"start":{"line":52,"column":32},"end":{"line":70,"column":10}},"18":{"start":{"line":54,"column":31},"end":{"line":54,"column":55}},"19":{"start":{"line":55,"column":27},"end":{"line":55,"column":67}},"20":{"start":{"line":56,"column":27},"end":{"line":60,"column":12}},"21":{"start":{"line":62,"column":10},"end":{"line":69,"column":12}},"22":{"start":{"line":73,"column":8},"end":{"line":73,"column":35}},"23":{"start":{"line":75,"column":8},"end":{"line":75,"column":53}},"24":{"start":{"line":76,"column":8},"end":{"line":76,"column":56}},"25":{"start":{"line":78,"column":8},"end":{"line":78,"column":26}},"26":{"start":{"line":82,"column":4},"end":{"line":82,"column":18}},"27":{"start":{"line":85,"column":2},"end":{"line":117,"column":4}},"28":{"start":{"line":96,"column":10},"end":{"line":112,"column":22}}},"fnMap":{"0":{"name":"(anonymous_0)","decl":{"start":{"line":25,"column":29},"end":{"line":25,"column":30}},"loc":{"start":{"line":25,"column":35},"end":{"line":118,"column":1}},"line":25},"1":{"name":"(anonymous_1)","decl":{"start":{"line":30,"column":12},"end":{"line":30,"column":13}},"loc":{"start":{"line":30,"column":18},"end":{"line":83,"column":3}},"line":30},"2":{"name":"(anonymous_2)","decl":{"start":{"line":31,"column":24},"end":{"line":31,"column":25}},"loc":{"start":{"line":31,"column":36},"end":{"line":80,"column":5}},"line":31},"3":{"name":"(anonymous_3)","decl":{"start":{"line":52,"column":50},"end":{"line":52,"column":51}},"loc":{"start":{"line":52,"column":66},"end":{"line":70,"column":9}},"line":52},"4":{"name":"(anonymous_4)","decl":{"start":{"line":95,"column":20},"end":{"line":95,"column":21}},"loc":{"start":{"line":96,"column":10},"end":{"line":112,"column":22}},"line":96}},"branchMap":{"0":{"loc":{"start":{"line":36,"column":6},"end":{"line":40,"column":7}},"type":"if","locations":[{"start":{"line":36,"column":6},"end":{"line":40,"column":7}},{"start":{},"end":{}}],"line":36},"1":{"loc":{"start":{"line":48,"column":8},"end":{"line":50,"column":9}},"type":"if","locations":[{"start":{"line":48,"column":8},"end":{"line":50,"column":9}},{"start":{},"end":{}}],"line":48},"2":{"loc":{"start":{"line":89,"column":7},"end":{"line":89,"column":73}},"type":"binary-expr","locations":[{"start":{"line":89,"column":7},"end":{"line":89,"column":14}},{"start":{"line":89,"column":18},"end":{"line":89,"column":73}}],"line":89},"3":{"loc":{"start":{"line":90,"column":7},"end":{"line":90,"column":52}},"type":"binary-expr","locations":[{"start":{"line":90,"column":7},"end":{"line":90,"column":12}},{"start":{"line":90,"column":16},"end":{"line":90,"column":52}}],"line":90},"4":{"loc":{"start":{"line":91,"column":7},"end":{"line":93,"column":7}},"type":"binary-expr","locations":[{"start":{"line":91,"column":7},"end":{"line":91,"column":15}},{"start":{"line":91,"column":19},"end":{"line":91,"column":25}},{"start":{"line":91,"column":29},"end":{"line":91,"column":48}},{"start":{"line":92,"column":8},"end":{"line":92,"column":55}}],"line":91}},"s":{"0":1,"1":8,"2":7,"3":7,"4":7,"5":4,"6":4,"7":4,"8":4,"9":4,"10":1,"11":1,"12":1,"13":3,"14":3,"15":2,"16":0,"17":1,"18":0,"19":0,"20":0,"21":0,"22":1,"23":2,"24":2,"25":3,"26":4,"27":7,"28":0},"f":{"0":8,"1":4,"2":4,"3":0,"4":0},"b":{"0":[1,3],"1":[0,1],"2":[7,4],"3":[7,2],"4":[7,3,1,1]},"_coverageSchema":"1a1c01bbd47fc00a2c39e90264f33305004495a9","hash":"8b21f5c307473390dacabf17bd08c64f39f2fa4a"}
,"C:\\Users\\JeganAnand\\MovieBookingApp\\moviebookingapp\\src\\components\\pages\\WatchList.tsx": {"path":"C:\\Users\\JeganAnand\\MovieBookingApp\\moviebookingapp\\src\\components\\pages\\WatchList.tsx","statementMap":{"0":{"start":{"line":29,"column":32},"end":{"line":140,"column":1}},"1":{"start":{"line":30,"column":48},"end":{"line":30,"column":74}},"2":{"start":{"line":31,"column":32},"end":{"line":31,"column":55}},"3":{"start":{"line":32,"column":28},"end":{"line":32,"column":57}},"4":{"start":{"line":33,"column":38},"end":{"line":33,"column":62}},"5":{"start":{"line":34,"column":30},"end":{"line":34,"column":50}},"6":{"start":{"line":35,"column":19},"end":{"line":35,"column":32}},"7":{"start":{"line":36,"column":18},"end":{"line":36,"column":31}},"8":{"start":{"line":38,"column":2},"end":{"line":51,"column":9}},"9":{"start":{"line":39,"column":18},"end":{"line":39,"column":47}},"10":{"start":{"line":40,"column":4},"end":{"line":50,"column":5}},"11":{"start":{"line":41,"column":6},"end":{"line":49,"column":7}},"12":{"start":{"line":42,"column":25},"end":{"line":42,"column":62}},"13":{"start":{"line":43,"column":8},"end":{"line":43,"column":28}},"14":{"start":{"line":45,"column":8},"end":{"line":45,"column":35}},"15":{"start":{"line":46,"column":8},"end":{"line":46,"column":40}},"16":{"start":{"line":48,"column":8},"end":{"line":48,"column":54}},"17":{"start":{"line":53,"column":25},"end":{"line":71,"column":3}},"18":{"start":{"line":55,"column":4},"end":{"line":55,"column":32}},"19":{"start":{"line":55,"column":25},"end":{"line":55,"column":32}},"20":{"start":{"line":57,"column":4},"end":{"line":70,"column":5}},"21":{"start":{"line":58,"column":23},"end":{"line":58,"column":87}},"22":{"start":{"line":59,"column":6},"end":{"line":64,"column":7}},"23":{"start":{"line":60,"column":8},"end":{"line":60,"column":42}},"24":{"start":{"line":62,"column":8},"end":{"line":62,"column":70}},"25":{"start":{"line":63,"column":8},"end":{"line":63,"column":44}},"26":{"start":{"line":66,"column":6},"end":{"line":66,"column":55}},"27":{"start":{"line":67,"column":6},"end":{"line":67,"column":44}},"28":{"start":{"line":69,"column":6},"end":{"line":69,"column":24}},"29":{"start":{"line":73,"column":36},"end":{"line":87,"column":3}},"30":{"start":{"line":75,"column":4},"end":{"line":78,"column":5}},"31":{"start":{"line":76,"column":6},"end":{"line":76,"column":50}},"32":{"start":{"line":77,"column":6},"end":{"line":77,"column":13}},"33":{"start":{"line":80,"column":4},"end":{"line":86,"column":5}},"34":{"start":{"line":81,"column":6},"end":{"line":81,"column":85}},"35":{"start":{"line":82,"column":6},"end":{"line":82,"column":86}},"36":{"start":{"line":82,"column":35},"end":{"line":82,"column":84}},"37":{"start":{"line":82,"column":58},"end":{"line":82,"column":83}},"38":{"start":{"line":84,"column":6},"end":{"line":84,"column":63}},"39":{"start":{"line":85,"column":6},"end":{"line":85,"column":63}},"40":{"start":{"line":91,"column":24},"end":{"line":108,"column":3}},"41":{"start":{"line":92,"column":4},"end":{"line":96,"column":5}},"42":{"start":{"line":93,"column":6},"end":{"line":93,"column":46}},"43":{"start":{"line":94,"column":6},"end":{"line":94,"column":25}},"44":{"start":{"line":95,"column":6},"end":{"line":95,"column":13}},"45":{"start":{"line":98,"column":4},"end":{"line":107,"column":7}},"46":{"start":{"line":110,"column":2},"end":{"line":110,"column":44}},"47":{"start":{"line":110,"column":15},"end":{"line":110,"column":44}},"48":{"start":{"line":111,"column":2},"end":{"line":111,"column":39}},"49":{"start":{"line":111,"column":13},"end":{"line":111,"column":39}},"50":{"start":{"line":113,"column":2},"end":{"line":139,"column":4}},"51":{"start":{"line":119,"column":12},"end":{"line":132,"column":24}},"52":{"start":{"line":126,"column":58},"end":{"line":126,"column":68}},"53":{"start":{"line":128,"column":47},"end":{"line":128,"column":67}},"54":{"start":{"line":129,"column":47},"end":{"line":129,"column":87}}},"fnMap":{"0":{"name":"(anonymous_0)","decl":{"start":{"line":29,"column":32},"end":{"line":29,"column":33}},"loc":{"start":{"line":29,"column":38},"end":{"line":140,"column":1}},"line":29},"1":{"name":"(anonymous_1)","decl":{"start":{"line":38,"column":12},"end":{"line":38,"column":13}},"loc":{"start":{"line":38,"column":18},"end":{"line":51,"column":3}},"line":38},"2":{"name":"(anonymous_2)","decl":{"start":{"line":53,"column":25},"end":{"line":53,"column":26}},"loc":{"start":{"line":53,"column":43},"end":{"line":71,"column":3}},"line":53},"3":{"name":"(anonymous_3)","decl":{"start":{"line":73,"column":36},"end":{"line":73,"column":37}},"loc":{"start":{"line":73,"column":63},"end":{"line":87,"column":3}},"line":73},"4":{"name":"(anonymous_4)","decl":{"start":{"line":82,"column":25},"end":{"line":82,"column":26}},"loc":{"start":{"line":82,"column":35},"end":{"line":82,"column":84}},"line":82},"5":{"name":"(anonymous_5)","decl":{"start":{"line":82,"column":47},"end":{"line":82,"column":48}},"loc":{"start":{"line":82,"column":58},"end":{"line":82,"column":83}},"line":82},"6":{"name":"(anonymous_6)","decl":{"start":{"line":91,"column":24},"end":{"line":91,"column":25}},"loc":{"start":{"line":91,"column":47},"end":{"line":108,"column":3}},"line":91},"7":{"name":"(anonymous_7)","decl":{"start":{"line":118,"column":31},"end":{"line":118,"column":32}},"loc":{"start":{"line":119,"column":12},"end":{"line":132,"column":24}},"line":119},"8":{"name":"(anonymous_8)","decl":{"start":{"line":126,"column":47},"end":{"line":126,"column":48}},"loc":{"start":{"line":126,"column":58},"end":{"line":126,"column":68}},"line":126},"9":{"name":"(anonymous_9)","decl":{"start":{"line":128,"column":41},"end":{"line":128,"column":42}},"loc":{"start":{"line":128,"column":47},"end":{"line":128,"column":67}},"line":128},"10":{"name":"(anonymous_10)","decl":{"start":{"line":129,"column":41},"end":{"line":129,"column":42}},"loc":{"start":{"line":129,"column":47},"end":{"line":129,"column":87}},"line":129}},"branchMap":{"0":{"loc":{"start":{"line":40,"column":4},"end":{"line":50,"column":5}},"type":"if","locations":[{"start":{"line":40,"column":4},"end":{"line":50,"column":5}},{"start":{},"end":{}}],"line":40},"1":{"loc":{"start":{"line":55,"column":4},"end":{"line":55,"column":32}},"type":"if","locations":[{"start":{"line":55,"column":4},"end":{"line":55,"column":32}},{"start":{},"end":{}}],"line":55},"2":{"loc":{"start":{"line":59,"column":6},"end":{"line":64,"column":7}},"type":"if","locations":[{"start":{"line":59,"column":6},"end":{"line":64,"column":7}},{"start":{"line":61,"column":13},"end":{"line":64,"column":7}}],"line":59},"3":{"loc":{"start":{"line":59,"column":10},"end":{"line":59,"column":55}},"type":"binary-expr","locations":[{"start":{"line":59,"column":10},"end":{"line":59,"column":23}},{"start":{"line":59,"column":27},"end":{"line":59,"column":55}}],"line":59},"4":{"loc":{"start":{"line":75,"column":4},"end":{"line":78,"column":5}},"type":"if","locations":[{"start":{"line":75,"column":4},"end":{"line":78,"column":5}},{"start":{},"end":{}}],"line":75},"5":{"loc":{"start":{"line":75,"column":8},"end":{"line":75,"column":35}},"type":"binary-expr","locations":[{"start":{"line":75,"column":8},"end":{"line":75,"column":23}},{"start":{"line":75,"column":27},"end":{"line":75,"column":35}}],"line":75},"6":{"loc":{"start":{"line":92,"column":4},"end":{"line":96,"column":5}},"type":"if","locations":[{"start":{"line":92,"column":4},"end":{"line":96,"column":5}},{"start":{},"end":{}}],"line":92},"7":{"loc":{"start":{"line":110,"column":2},"end":{"line":110,"column":44}},"type":"if","locations":[{"start":{"line":110,"column":2},"end":{"line":110,"column":44}},{"start":{},"end":{}}],"line":110},"8":{"loc":{"start":{"line":111,"column":2},"end":{"line":111,"column":39}},"type":"if","locations":[{"start":{"line":111,"column":2},"end":{"line":111,"column":39}},{"start":{},"end":{}}],"line":111},"9":{"loc":{"start":{"line":116,"column":7},"end":{"line":137,"column":7}},"type":"cond-expr","locations":[{"start":{"line":117,"column":8},"end":{"line":134,"column":20}},{"start":{"line":136,"column":8},"end":{"line":136,"column":65}}],"line":116}},"s":{"0":1,"1":20,"2":19,"3":19,"4":19,"5":19,"6":19,"7":19,"8":19,"9":7,"10":7,"11":7,"12":7,"13":6,"14":6,"15":6,"16":1,"17":19,"18":6,"19":0,"20":6,"21":6,"22":5,"23":4,"24":0,"25":0,"26":2,"27":2,"28":6,"29":19,"30":1,"31":0,"32":0,"33":1,"34":1,"35":1,"36":1,"37":1,"38":0,"39":0,"40":19,"41":0,"42":0,"43":0,"44":0,"45":0,"46":19,"47":13,"48":6,"49":1,"50":5,"51":4,"52":3,"53":0,"54":1},"f":{"0":20,"1":7,"2":6,"3":1,"4":1,"5":1,"6":0,"7":4,"8":3,"9":0,"10":1},"b":{"0":[7,0],"1":[0,6],"2":[4,0],"3":[5,4],"4":[0,1],"5":[1,1],"6":[0,0],"7":[13,6],"8":[1,5],"9":[3,2]},"_coverageSchema":"1a1c01bbd47fc00a2c39e90264f33305004495a9","hash":"37f6843e097d714e51c69f4739445fbda9a20b77"}
,"C:\\Users\\JeganAnand\\MovieBookingApp\\moviebookingapp\\src\\components\\styles\\AdminDashBoardstyles.ts": {"path":"C:\\Users\\JeganAnand\\MovieBookingApp\\moviebookingapp\\src\\components\\styles\\AdminDashBoardstyles.ts","statementMap":{"0":{"start":{"line":3,"column":25},"end":{"line":12,"column":1}},"1":{"start":{"line":14,"column":21},"end":{"line":21,"column":1}},"2":{"start":{"line":23,"column":23},"end":{"line":30,"column":1}},"3":{"start":{"line":32,"column":20},"end":{"line":46,"column":1}},"4":{"start":{"line":48,"column":21},"end":{"line":55,"column":1}},"5":{"start":{"line":57,"column":27},"end":{"line":64,"column":1}},"6":{"start":{"line":66,"column":24},"end":{"line":75,"column":1}},"7":{"start":{"line":77,"column":25},"end":{"line":82,"column":1}},"8":{"start":{"line":84,"column":25},"end":{"line":89,"column":1}},"9":{"start":{"line":91,"column":25},"end":{"line":112,"column":1}}},"fnMap":{},"branchMap":{},"s":{"0":1,"1":1,"2":1,"3":1,"4":1,"5":1,"6":1,"7":1,"8":1,"9":1},"f":{},"b":{},"_coverageSchema":"1a1c01bbd47fc00a2c39e90264f33305004495a9","hash":"6177575789a600ebb37421fadb1d5955ecbaac96"}
,"C:\\Users\\JeganAnand\\MovieBookingApp\\moviebookingapp\\src\\components\\styles\\BookingStyles.ts": {"path":"C:\\Users\\JeganAnand\\MovieBookingApp\\moviebookingapp\\src\\components\\styles\\BookingStyles.ts","statementMap":{"0":{"start":{"line":3,"column":32},"end":{"line":11,"column":1}},"1":{"start":{"line":13,"column":27},"end":{"line":23,"column":1}},"2":{"start":{"line":25,"column":21},"end":{"line":28,"column":1}},"3":{"start":{"line":30,"column":22},"end":{"line":33,"column":1}},"4":{"start":{"line":35,"column":22},"end":{"line":45,"column":1}},"5":{"start":{"line":47,"column":32},"end":{"line":51,"column":1}},"6":{"start":{"line":53,"column":29},"end":{"line":63,"column":1}}},"fnMap":{},"branchMap":{},"s":{"0":1,"1":1,"2":1,"3":1,"4":1,"5":1,"6":1},"f":{},"b":{},"_coverageSchema":"1a1c01bbd47fc00a2c39e90264f33305004495a9","hash":"7755acafd784bb3dd42915b44828d8a058a3b9d9"}
,"C:\\Users\\JeganAnand\\MovieBookingApp\\moviebookingapp\\src\\components\\styles\\Loginstyles.ts": {"path":"C:\\Users\\JeganAnand\\MovieBookingApp\\moviebookingapp\\src\\components\\styles\\Loginstyles.ts","statementMap":{"0":{"start":{"line":3,"column":25},"end":{"line":26,"column":1}},"1":{"start":{"line":28,"column":22},"end":{"line":43,"column":1}},"2":{"start":{"line":45,"column":20},"end":{"line":58,"column":1}},"3":{"start":{"line":60,"column":25},"end":{"line":69,"column":1}},"4":{"start":{"line":71,"column":22},"end":{"line":85,"column":1}},"5":{"start":{"line":87,"column":21},"end":{"line":104,"column":1}},"6":{"start":{"line":106,"column":26},"end":{"line":119,"column":1}},"7":{"start":{"line":121,"column":26},"end":{"line":139,"column":1}},"8":{"start":{"line":141,"column":30},"end":{"line":155,"column":1}},"9":{"start":{"line":157,"column":34},"end":{"line":160,"column":1}},"10":{"start":{"line":162,"column":31},"end":{"line":176,"column":1}},"11":{"start":{"line":178,"column":22},"end":{"line":202,"column":1}},"12":{"start":{"line":204,"column":20},"end":{"line":227,"column":1}}},"fnMap":{},"branchMap":{},"s":{"0":1,"1":1,"2":1,"3":1,"4":1,"5":1,"6":1,"7":1,"8":1,"9":1,"10":1,"11":1,"12":1},"f":{},"b":{},"_coverageSchema":"1a1c01bbd47fc00a2c39e90264f33305004495a9","hash":"32e47488a9e18303498f5da27e2d5a4499853562"}
,"C:\\Users\\JeganAnand\\MovieBookingApp\\moviebookingapp\\src\\components\\styles\\ManageMovieStyles.ts": {"path":"C:\\Users\\JeganAnand\\MovieBookingApp\\moviebookingapp\\src\\components\\styles\\ManageMovieStyles.ts","statementMap":{"0":{"start":{"line":3,"column":29},"end":{"line":12,"column":1}},"1":{"start":{"line":14,"column":21},"end":{"line":19,"column":1}},"2":{"start":{"line":21,"column":20},"end":{"line":25,"column":1}},"3":{"start":{"line":27,"column":21},"end":{"line":35,"column":1}},"4":{"start":{"line":37,"column":21},"end":{"line":51,"column":1}},"5":{"start":{"line":53,"column":24},"end":{"line":68,"column":1}},"6":{"start":{"line":70,"column":22},"end":{"line":84,"column":1}},"7":{"start":{"line":86,"column":30},"end":{"line":92,"column":1}},"8":{"start":{"line":94,"column":27},"end":{"line":109,"column":1}},"9":{"start":{"line":98,"column":30},"end":{"line":98,"column":57}},"10":{"start":{"line":99,"column":35},"end":{"line":99,"column":64}},"11":{"start":{"line":106,"column":37},"end":{"line":106,"column":66}},"12":{"start":{"line":111,"column":36},"end":{"line":113,"column":1}},"13":{"start":{"line":115,"column":26},"end":{"line":128,"column":1}},"14":{"start":{"line":130,"column":26},"end":{"line":132,"column":1}},"15":{"start":{"line":134,"column":28},"end":{"line":141,"column":1}},"16":{"start":{"line":143,"column":22},"end":{"line":159,"column":1}}},"fnMap":{"0":{"name":"(anonymous_0)","decl":{"start":{"line":98,"column":11},"end":{"line":98,"column":12}},"loc":{"start":{"line":98,"column":30},"end":{"line":98,"column":57}},"line":98},"1":{"name":"(anonymous_1)","decl":{"start":{"line":99,"column":16},"end":{"line":99,"column":17}},"loc":{"start":{"line":99,"column":35},"end":{"line":99,"column":64}},"line":99},"2":{"name":"(anonymous_2)","decl":{"start":{"line":106,"column":18},"end":{"line":106,"column":19}},"loc":{"start":{"line":106,"column":37},"end":{"line":106,"column":66}},"line":106}},"branchMap":{"0":{"loc":{"start":{"line":98,"column":30},"end":{"line":98,"column":57}},"type":"cond-expr","locations":[{"start":{"line":98,"column":41},"end":{"line":98,"column":48}},{"start":{"line":98,"column":51},"end":{"line":98,"column":57}}],"line":98},"1":{"loc":{"start":{"line":99,"column":35},"end":{"line":99,"column":64}},"type":"cond-expr","locations":[{"start":{"line":99,"column":46},"end":{"line":99,"column":55}},{"start":{"line":99,"column":58},"end":{"line":99,"column":64}}],"line":99},"2":{"loc":{"start":{"line":106,"column":37},"end":{"line":106,"column":66}},"type":"cond-expr","locations":[{"start":{"line":106,"column":48},"end":{"line":106,"column":57}},{"start":{"line":106,"column":60},"end":{"line":106,"column":66}}],"line":106}},"s":{"0":1,"1":1,"2":1,"3":1,"4":1,"5":1,"6":1,"7":1,"8":1,"9":135,"10":135,"11":135,"12":1,"13":1,"14":1,"15":1,"16":1},"f":{"0":135,"1":135,"2":135},"b":{"0":[8,127],"1":[8,127],"2":[8,127]},"_coverageSchema":"1a1c01bbd47fc00a2c39e90264f33305004495a9","hash":"e6e9fb7603ea38b8c22c02b3ab5fd02cc43156dd"}
,"C:\\Users\\JeganAnand\\MovieBookingApp\\moviebookingapp\\src\\components\\styles\\Moviestyles.ts": {"path":"C:\\Users\\JeganAnand\\MovieBookingApp\\moviebookingapp\\src\\components\\styles\\Moviestyles.ts","statementMap":{"0":{"start":{"line":3,"column":31},"end":{"line":10,"column":1}},"1":{"start":{"line":12,"column":25},"end":{"line":26,"column":1}},"2":{"start":{"line":28,"column":26},"end":{"line":32,"column":1}},"3":{"start":{"line":34,"column":27},"end":{"line":38,"column":1}},"4":{"start":{"line":40,"column":25},"end":{"line":42,"column":1}},"5":{"start":{"line":44,"column":26},"end":{"line":58,"column":1}},"6":{"start":{"line":60,"column":26},"end":{"line":63,"column":1}},"7":{"start":{"line":65,"column":22},"end":{"line":88,"column":1}},"8":{"start":{"line":66,"column":43},"end":{"line":66,"column":86}},"9":{"start":{"line":90,"column":36},"end":{"line":97,"column":1}},"10":{"start":{"line":99,"column":28},"end":{"line":109,"column":1}},"11":{"start":{"line":111,"column":33},"end":{"line":130,"column":1}},"12":{"start":{"line":132,"column":28},"end":{"line":138,"column":1}},"13":{"start":{"line":140,"column":27},"end":{"line":153,"column":1}},"14":{"start":{"line":155,"column":32},"end":{"line":159,"column":1}},"15":{"start":{"line":161,"column":27},"end":{"line":166,"column":1}}},"fnMap":{"0":{"name":"(anonymous_0)","decl":{"start":{"line":66,"column":22},"end":{"line":66,"column":23}},"loc":{"start":{"line":66,"column":43},"end":{"line":66,"column":86}},"line":66}},"branchMap":{"0":{"loc":{"start":{"line":66,"column":43},"end":{"line":66,"column":86}},"type":"cond-expr","locations":[{"start":{"line":66,"column":56},"end":{"line":66,"column":74}},{"start":{"line":66,"column":77},"end":{"line":66,"column":86}}],"line":66}},"s":{"0":1,"1":1,"2":1,"3":1,"4":1,"5":1,"6":1,"7":1,"8":0,"9":1,"10":1,"11":1,"12":1,"13":1,"14":1,"15":1},"f":{"0":0},"b":{"0":[0,0]},"_coverageSchema":"1a1c01bbd47fc00a2c39e90264f33305004495a9","hash":"4dab903adc59a67c6f7f756edd07d86fa3d260da"}
,"C:\\Users\\JeganAnand\\MovieBookingApp\\moviebookingapp\\src\\components\\styles\\NavBar.ts": {"path":"C:\\Users\\JeganAnand\\MovieBookingApp\\moviebookingapp\\src\\components\\styles\\NavBar.ts","statementMap":{"0":{"start":{"line":4,"column":31},"end":{"line":22,"column":1}},"1":{"start":{"line":24,"column":29},"end":{"line":36,"column":1}},"2":{"start":{"line":38,"column":26},"end":{"line":53,"column":1}},"3":{"start":{"line":55,"column":26},"end":{"line":69,"column":1}},"4":{"start":{"line":65,"column":37},"end":{"line":65,"column":66}},"5":{"start":{"line":71,"column":26},"end":{"line":90,"column":1}}},"fnMap":{"0":{"name":"(anonymous_0)","decl":{"start":{"line":65,"column":15},"end":{"line":65,"column":16}},"loc":{"start":{"line":65,"column":37},"end":{"line":65,"column":66}},"line":65}},"branchMap":{"0":{"loc":{"start":{"line":65,"column":37},"end":{"line":65,"column":66}},"type":"cond-expr","locations":[{"start":{"line":65,"column":51},"end":{"line":65,"column":57}},{"start":{"line":65,"column":60},"end":{"line":65,"column":66}}],"line":65}},"s":{"0":1,"1":1,"2":1,"3":1,"4":6,"5":1},"f":{"0":6},"b":{"0":[0,6]},"_coverageSchema":"1a1c01bbd47fc00a2c39e90264f33305004495a9","hash":"2ca5cc7b40e912740a4e0c997b4376b0803a99f7"}
,"C:\\Users\\JeganAnand\\MovieBookingApp\\moviebookingapp\\src\\components\\styles\\OrdersStyles.ts": {"path":"C:\\Users\\JeganAnand\\MovieBookingApp\\moviebookingapp\\src\\components\\styles\\OrdersStyles.ts","statementMap":{"0":{"start":{"line":3,"column":25},"end":{"line":27,"column":1}},"1":{"start":{"line":29,"column":31},"end":{"line":46,"column":1}},"2":{"start":{"line":48,"column":21},"end":{"line":56,"column":1}},"3":{"start":{"line":58,"column":25},"end":{"line":62,"column":1}},"4":{"start":{"line":64,"column":25},"end":{"line":76,"column":1}},"5":{"start":{"line":78,"column":26},"end":{"line":91,"column":1}},"6":{"start":{"line":93,"column":28},"end":{"line":95,"column":1}},"7":{"start":{"line":97,"column":26},"end":{"line":110,"column":1}},"8":{"start":{"line":112,"column":28},"end":{"line":120,"column":1}},"9":{"start":{"line":122,"column":30},"end":{"line":130,"column":1}}},"fnMap":{},"branchMap":{},"s":{"0":1,"1":1,"2":1,"3":1,"4":1,"5":1,"6":1,"7":1,"8":1,"9":1},"f":{},"b":{},"_coverageSchema":"1a1c01bbd47fc00a2c39e90264f33305004495a9","hash":"74c6ca6478e73fd98d3fdd22f654cb36bc5a587f"}
,"C:\\Users\\JeganAnand\\MovieBookingApp\\moviebookingapp\\src\\components\\styles\\WatchListstyles.ts": {"path":"C:\\Users\\JeganAnand\\MovieBookingApp\\moviebookingapp\\src\\components\\styles\\WatchListstyles.ts","statementMap":{"0":{"start":{"line":3,"column":34},"end":{"line":23,"column":1}},"1":{"start":{"line":25,"column":21},"end":{"line":41,"column":1}},"2":{"start":{"line":43,"column":25},"end":{"line":57,"column":1}},"3":{"start":{"line":59,"column":25},"end":{"line":72,"column":1}},"4":{"start":{"line":74,"column":26},"end":{"line":89,"column":1}},"5":{"start":{"line":91,"column":28},"end":{"line":105,"column":1}},"6":{"start":{"line":107,"column":26},"end":{"line":111,"column":1}},"7":{"start":{"line":113,"column":26},"end":{"line":117,"column":1}},"8":{"start":{"line":119,"column":32},"end":{"line":124,"column":1}},"9":{"start":{"line":126,"column":28},"end":{"line":153,"column":1}},"10":{"start":{"line":155,"column":28},"end":{"line":165,"column":1}}},"fnMap":{},"branchMap":{},"s":{"0":2,"1":2,"2":2,"3":2,"4":2,"5":2,"6":2,"7":2,"8":2,"9":2,"10":2},"f":{},"b":{},"_coverageSchema":"1a1c01bbd47fc00a2c39e90264f33305004495a9","hash":"32ae0119cce3e4ba5fe290db8c1c9622bedd8e38"}
}
