TN:
SF:src\components\pages\AdminDashBoard.tsx
FN:29,(anonymous_0)
FN:34,(anonymous_1)
FN:35,(anonymous_2)
FN:76,(anonymous_3)
FN:96,(anonymous_4)
FNF:5
FNH:5
FNDA:8,(anonymous_0)
FNDA:4,(anonymous_1)
FNDA:4,(anonymous_2)
FNDA:1,(anonymous_3)
FNDA:1,(anonymous_4)
DA:29,1
DA:30,8
DA:31,8
DA:32,8
DA:34,8
DA:35,4
DA:36,4
DA:37,4
DA:38,3
DA:40,3
DA:41,3
DA:42,3
DA:44,3
DA:45,3
DA:46,3
DA:48,1
DA:49,1
DA:50,1
DA:54,4
DA:57,8
DA:77,1
DA:97,1
LF:22
LH:22
BRDA:38,0,0,3
BRDA:38,0,1,0
BRDA:41,1,0,3
BRDA:41,1,1,0
BRDA:45,2,0,3
BRDA:45,2,1,0
BRDA:75,3,0,1
BRDA:75,3,1,7
BRDA:95,4,0,1
BRDA:95,4,1,7
BRF:10
BRH:7
end_of_record
TN:
SF:src\components\pages\BookingPage.tsx
FN:23,(anonymous_0)
FN:37,(anonymous_1)
FN:44,(anonymous_2)
FN:82,(anonymous_3)
FN:82,(anonymous_4)
FN:89,(anonymous_5)
FN:92,(anonymous_6)
FN:102,(anonymous_7)
FN:102,(anonymous_8)
FN:104,(anonymous_9)
FN:104,(anonymous_10)
FNF:11
FNH:11
FNDA:11,(anonymous_0)
FNDA:5,(anonymous_1)
FNDA:2,(anonymous_2)
FNDA:10,(anonymous_3)
FNDA:10,(anonymous_4)
FNDA:2,(anonymous_5)
FNDA:2,(anonymous_6)
FNDA:1,(anonymous_7)
FNDA:1,(anonymous_8)
FNDA:1,(anonymous_9)
FNDA:1,(anonymous_10)
DA:23,1
DA:24,11
DA:25,11
DA:26,11
DA:29,11
DA:30,11
DA:31,11
DA:32,11
DA:33,11
DA:34,11
DA:35,11
DA:36,11
DA:37,11
DA:38,5
DA:39,1
DA:40,1
DA:44,11
DA:45,2
DA:47,2
DA:48,0
DA:49,0
DA:52,2
DA:54,2
DA:63,2
DA:64,2
DA:68,1
DA:69,1
DA:71,1
DA:75,11
DA:82,10
DA:89,2
DA:92,2
DA:102,1
DA:104,1
LF:34
LH:32
BRDA:26,0,0,11
BRDA:26,0,1,1
BRDA:38,1,0,1
BRDA:38,1,1,4
BRDA:38,2,0,5
BRDA:38,2,1,4
BRDA:38,2,2,4
BRDA:47,3,0,0
BRDA:47,3,1,2
BRDA:47,4,0,2
BRDA:47,4,1,2
BRDA:47,4,2,2
BRDA:77,5,0,11
BRDA:77,5,1,10
BRF:14
BRH:13
end_of_record
TN:
SF:src\components\pages\FavoritesPage.tsx
FN:29,(anonymous_0)
FN:38,(anonymous_1)
FN:56,(anonymous_2)
FN:79,(anonymous_3)
FN:88,(anonymous_4)
FN:88,(anonymous_5)
FN:108,(anonymous_6)
FN:116,(anonymous_7)
FN:118,(anonymous_8)
FNF:9
FNH:9
FNDA:23,(anonymous_0)
FNDA:8,(anonymous_1)
FNDA:7,(anonymous_2)
FNDA:2,(anonymous_3)
FNDA:1,(anonymous_4)
FNDA:1,(anonymous_5)
FNDA:5,(anonymous_6)
FNDA:5,(anonymous_7)
FNDA:2,(anonymous_8)
DA:29,1
DA:30,23
DA:31,22
DA:32,22
DA:33,22
DA:34,22
DA:38,22
DA:39,8
DA:40,8
DA:41,8
DA:42,8
DA:43,7
DA:44,7
DA:45,7
DA:47,1
DA:51,0
DA:56,22
DA:57,7
DA:59,7
DA:60,7
DA:61,7
DA:64,5
DA:65,5
DA:67,0
DA:68,0
DA:69,0
DA:72,2
DA:73,2
DA:76,7
DA:79,22
DA:81,2
DA:82,0
DA:83,0
DA:86,2
DA:87,2
DA:88,1
DA:90,1
DA:91,1
DA:95,22
DA:100,21
DA:109,5
DA:116,5
DA:118,2
LF:43
LH:37
BRDA:40,0,0,8
BRDA:40,0,1,0
BRDA:57,1,0,0
BRDA:57,1,1,7
BRDA:61,2,0,5
BRDA:61,2,1,0
BRDA:61,3,0,7
BRDA:61,3,1,5
BRDA:81,4,0,0
BRDA:81,4,1,2
BRDA:81,5,0,2
BRDA:81,5,1,2
BRDA:95,6,0,1
BRDA:95,6,1,21
BRDA:103,7,0,15
BRDA:103,7,1,6
BRDA:106,8,0,4
BRDA:106,8,1,2
BRF:18
BRH:14
end_of_record
TN:
SF:src\components\pages\LoginSignup.tsx
FN:18,(anonymous_0)
FN:27,(anonymous_1)
FN:32,(anonymous_2)
FN:34,(anonymous_3)
FN:68,(anonymous_4)
FN:85,(anonymous_5)
FN:122,(anonymous_6)
FN:133,(anonymous_7)
FN:143,(anonymous_8)
FN:156,(anonymous_9)
FNF:10
FNH:10
FNDA:52,(anonymous_0)
FNDA:7,(anonymous_1)
FNDA:5,(anonymous_2)
FNDA:4,(anonymous_3)
FNDA:6,(anonymous_4)
FNDA:2,(anonymous_5)
FNDA:2,(anonymous_6)
FNDA:10,(anonymous_7)
FNDA:8,(anonymous_8)
FNDA:9,(anonymous_9)
DA:18,1
DA:19,52
DA:20,52
DA:21,52
DA:22,52
DA:23,52
DA:24,52
DA:27,52
DA:28,7
DA:29,7
DA:32,52
DA:34,52
DA:35,4
DA:36,4
DA:37,2
DA:39,2
DA:40,2
DA:41,2
DA:42,2
DA:43,1
DA:45,1
DA:46,1
DA:47,1
DA:49,1
DA:50,0
DA:52,1
DA:54,0
DA:55,0
DA:56,0
DA:57,0
DA:58,0
DA:59,0
DA:63,3
DA:64,3
DA:68,52
DA:69,6
DA:70,2
DA:71,2
DA:74,4
DA:75,1
DA:76,1
DA:79,3
DA:85,52
DA:86,2
DA:87,1
DA:88,1
DA:91,1
DA:92,0
DA:93,0
DA:96,1
DA:97,0
DA:98,0
DA:101,1
DA:108,52
DA:122,2
DA:133,10
DA:143,8
DA:157,9
DA:158,9
DA:159,9
DA:160,9
DA:161,9
LF:62
LH:51
BRDA:34,0,0,3
BRDA:39,1,0,2
BRDA:39,1,1,0
BRDA:49,2,0,0
BRDA:49,2,1,1
BRDA:54,3,0,0
BRDA:54,3,1,0
BRDA:64,4,0,2
BRDA:64,4,1,1
BRDA:69,5,0,2
BRDA:69,5,1,4
BRDA:74,6,0,1
BRDA:74,6,1,3
BRDA:86,7,0,1
BRDA:86,7,1,1
BRDA:91,8,0,0
BRDA:91,8,1,1
BRDA:96,9,0,0
BRDA:96,9,1,1
BRDA:115,10,0,52
BRDA:115,10,1,18
BRDA:149,11,0,52
BRDA:149,11,1,6
BRDA:152,12,0,34
BRDA:152,12,1,18
BRDA:157,13,0,8
BRDA:157,13,1,1
BRDA:164,14,0,34
BRDA:164,14,1,18
BRF:29
BRH:23
end_of_record
TN:
SF:src\components\pages\ManageMovies.tsx
FN:21,(anonymous_0)
FN:90,(anonymous_1)
FN:144,(anonymous_2)
FN:151,(anonymous_3)
FN:163,(anonymous_4)
FN:166,(anonymous_5)
FN:169,(anonymous_6)
FN:172,(anonymous_7)
FN:173,(anonymous_8)
FN:182,(anonymous_9)
FN:187,(anonymous_10)
FNF:11
FNH:11
FNDA:28,(anonymous_0)
FNDA:3,(anonymous_1)
FNDA:3,(anonymous_2)
FNDA:2,(anonymous_3)
FNDA:3,(anonymous_4)
FNDA:3,(anonymous_5)
FNDA:3,(anonymous_6)
FNDA:2,(anonymous_7)
FNDA:56,(anonymous_8)
FNDA:140,(anonymous_9)
FNDA:3,(anonymous_10)
DA:18,1
DA:19,1
DA:21,1
DA:22,28
DA:23,28
DA:24,28
DA:25,28
DA:26,28
DA:27,28
DA:29,28
DA:31,28
DA:32,28
DA:33,28
DA:90,28
DA:91,3
DA:93,3
DA:94,1
DA:95,1
DA:98,2
DA:99,0
DA:100,0
DA:103,2
DA:104,2
DA:105,2
DA:106,2
DA:107,2
DA:108,2
DA:109,2
DA:111,2
DA:113,2
DA:114,2
DA:118,1
DA:119,1
DA:120,1
DA:121,1
DA:122,1
DA:123,1
DA:124,1
DA:125,1
DA:127,0
DA:130,1
DA:131,1
DA:133,2
DA:142,28
DA:144,28
DA:145,3
DA:146,3
DA:147,3
DA:149,3
DA:150,3
DA:151,3
DA:152,2
DA:153,2
DA:160,28
DA:163,3
DA:166,3
DA:169,3
DA:172,2
DA:174,56
DA:183,140
DA:187,3
LF:61
LH:58
BRDA:93,0,0,1
BRDA:93,0,1,2
BRDA:93,1,0,3
BRDA:93,1,1,2
BRDA:93,1,2,2
BRDA:93,1,3,2
BRDA:93,1,4,2
BRDA:93,1,5,2
BRDA:98,2,0,0
BRDA:98,2,1,2
BRDA:118,3,0,1
BRDA:118,3,1,0
BRDA:118,4,0,1
BRDA:118,4,1,0
BRDA:131,5,0,1
BRDA:131,5,1,0
BRDA:145,6,0,3
BRDA:145,6,1,0
BRDA:145,7,0,3
BRDA:145,7,1,3
BRDA:203,8,0,28
BRDA:203,8,1,6
BRDA:209,9,0,2
BRDA:209,9,1,26
BRF:24
BRH:19
end_of_record
TN:
SF:src\components\pages\NavBar.tsx
FN:12,(anonymous_0)
FN:16,(anonymous_1)
FN:20,(anonymous_2)
FNF:3
FNH:2
FNDA:6,(anonymous_0)
FNDA:0,(anonymous_1)
FNDA:1,(anonymous_2)
DA:12,1
DA:13,6
DA:14,6
DA:16,6
DA:17,0
DA:20,6
DA:21,1
DA:22,1
DA:23,1
DA:24,1
DA:25,1
DA:26,1
DA:29,6
LF:13
LH:12
BRDA:37,0,0,4
BRDA:37,0,1,2
BRDA:38,1,0,1
BRDA:38,1,1,3
BRDA:54,2,0,6
BRDA:54,2,1,4
BRF:6
BRH:6
end_of_record
TN:
SF:src\components\pages\OrdersPage.tsx
FN:25,(anonymous_0)
FN:30,(anonymous_1)
FN:31,(anonymous_2)
FN:52,(anonymous_3)
FN:95,(anonymous_4)
FNF:5
FNH:3
FNDA:8,(anonymous_0)
FNDA:4,(anonymous_1)
FNDA:4,(anonymous_2)
FNDA:0,(anonymous_3)
FNDA:0,(anonymous_4)
DA:25,1
DA:26,8
DA:27,7
DA:28,7
DA:30,7
DA:31,4
DA:32,4
DA:33,4
DA:35,4
DA:36,4
DA:37,1
DA:38,1
DA:39,1
DA:42,3
DA:43,3
DA:48,2
DA:49,0
DA:52,1
DA:54,0
DA:55,0
DA:56,0
DA:62,0
DA:73,1
DA:75,2
DA:76,2
DA:78,3
DA:82,4
DA:85,7
DA:96,0
LF:29
LH:23
BRDA:36,0,0,1
BRDA:36,0,1,3
BRDA:48,1,0,0
BRDA:48,1,1,1
BRDA:89,2,0,7
BRDA:89,2,1,4
BRDA:90,3,0,7
BRDA:90,3,1,2
BRDA:91,4,0,7
BRDA:91,4,1,3
BRDA:91,4,2,1
BRDA:91,4,3,1
BRF:12
BRH:11
end_of_record
TN:
SF:src\components\pages\WatchList.tsx
FN:29,(anonymous_0)
FN:38,(anonymous_1)
FN:53,(anonymous_2)
FN:73,(anonymous_3)
FN:82,(anonymous_4)
FN:82,(anonymous_5)
FN:91,(anonymous_6)
FN:118,(anonymous_7)
FN:126,(anonymous_8)
FN:128,(anonymous_9)
FN:129,(anonymous_10)
FNF:11
FNH:9
FNDA:20,(anonymous_0)
FNDA:7,(anonymous_1)
FNDA:6,(anonymous_2)
FNDA:1,(anonymous_3)
FNDA:1,(anonymous_4)
FNDA:1,(anonymous_5)
FNDA:0,(anonymous_6)
FNDA:4,(anonymous_7)
FNDA:3,(anonymous_8)
FNDA:0,(anonymous_9)
FNDA:1,(anonymous_10)
DA:29,1
DA:30,20
DA:31,19
DA:32,19
DA:33,19
DA:34,19
DA:35,19
DA:36,19
DA:38,19
DA:39,7
DA:40,7
DA:41,7
DA:42,7
DA:43,6
DA:45,6
DA:46,6
DA:48,1
DA:53,19
DA:55,6
DA:57,6
DA:58,6
DA:59,5
DA:60,4
DA:62,0
DA:63,0
DA:66,2
DA:67,2
DA:69,6
DA:73,19
DA:75,1
DA:76,0
DA:77,0
DA:80,1
DA:81,1
DA:82,1
DA:84,0
DA:85,0
DA:91,19
DA:92,0
DA:93,0
DA:94,0
DA:95,0
DA:98,0
DA:110,19
DA:111,6
DA:113,5
DA:119,4
DA:126,3
DA:128,0
DA:129,1
LF:50
LH:38
BRDA:40,0,0,7
BRDA:40,0,1,0
BRDA:55,1,0,0
BRDA:55,1,1,6
BRDA:59,2,0,4
BRDA:59,2,1,0
BRDA:59,3,0,5
BRDA:59,3,1,4
BRDA:75,4,0,0
BRDA:75,4,1,1
BRDA:75,5,0,1
BRDA:75,5,1,1
BRDA:92,6,0,0
BRDA:92,6,1,0
BRDA:110,7,0,13
BRDA:110,7,1,6
BRDA:111,8,0,1
BRDA:111,8,1,5
BRDA:116,9,0,3
BRDA:116,9,1,2
BRF:20
BRH:14
end_of_record
TN:
SF:src\components\styles\AdminDashBoardstyles.ts
FNF:0
FNH:0
DA:3,1
DA:14,1
DA:23,1
DA:32,1
DA:48,1
DA:57,1
DA:66,1
DA:77,1
DA:84,1
DA:91,1
LF:10
LH:10
BRF:0
BRH:0
end_of_record
TN:
SF:src\components\styles\BookingStyles.ts
FNF:0
FNH:0
DA:3,1
DA:13,1
DA:25,1
DA:30,1
DA:35,1
DA:47,1
DA:53,1
LF:7
LH:7
BRF:0
BRH:0
end_of_record
TN:
SF:src\components\styles\Loginstyles.ts
FNF:0
FNH:0
DA:3,1
DA:28,1
DA:45,1
DA:60,1
DA:71,1
DA:87,1
DA:106,1
DA:121,1
DA:141,1
DA:157,1
DA:162,1
DA:178,1
DA:204,1
LF:13
LH:13
BRF:0
BRH:0
end_of_record
TN:
SF:src\components\styles\ManageMovieStyles.ts
FN:98,(anonymous_0)
FN:99,(anonymous_1)
FN:106,(anonymous_2)
FNF:3
FNH:3
FNDA:135,(anonymous_0)
FNDA:135,(anonymous_1)
FNDA:135,(anonymous_2)
DA:3,1
DA:14,1
DA:21,1
DA:27,1
DA:37,1
DA:53,1
DA:70,1
DA:86,1
DA:94,1
DA:98,135
DA:99,135
DA:106,135
DA:111,1
DA:115,1
DA:130,1
DA:134,1
DA:143,1
LF:17
LH:17
BRDA:98,0,0,8
BRDA:98,0,1,127
BRDA:99,1,0,8
BRDA:99,1,1,127
BRDA:106,2,0,8
BRDA:106,2,1,127
BRF:6
BRH:6
end_of_record
TN:
SF:src\components\styles\Moviestyles.ts
FN:66,(anonymous_0)
FNF:1
FNH:0
FNDA:0,(anonymous_0)
DA:3,1
DA:12,1
DA:28,1
DA:34,1
DA:40,1
DA:44,1
DA:60,1
DA:65,1
DA:66,0
DA:90,1
DA:99,1
DA:111,1
DA:132,1
DA:140,1
DA:155,1
DA:161,1
LF:16
LH:15
BRDA:66,0,0,0
BRDA:66,0,1,0
BRF:2
BRH:0
end_of_record
TN:
SF:src\components\styles\NavBar.ts
FN:65,(anonymous_0)
FNF:1
FNH:1
FNDA:6,(anonymous_0)
DA:4,1
DA:24,1
DA:38,1
DA:55,1
DA:65,6
DA:71,1
LF:6
LH:6
BRDA:65,0,0,0
BRDA:65,0,1,6
BRF:2
BRH:1
end_of_record
TN:
SF:src\components\styles\OrdersStyles.ts
FNF:0
FNH:0
DA:3,1
DA:29,1
DA:48,1
DA:58,1
DA:64,1
DA:78,1
DA:93,1
DA:97,1
DA:112,1
DA:122,1
LF:10
LH:10
BRF:0
BRH:0
end_of_record
TN:
SF:src\components\styles\WatchListstyles.ts
FNF:0
FNH:0
DA:3,2
DA:25,2
DA:43,2
DA:59,2
DA:74,2
DA:91,2
DA:107,2
DA:113,2
DA:119,2
DA:126,2
DA:155,2
LF:11
LH:11
BRF:0
BRH:0
end_of_record
